0 info it worked if it ends with ok
1 verbose cli [ 'C:\\Program Files\\nodejs\\node.exe',
1 verbose cli   'C:\\Program Files\\nodejs\\node_modules\\npm\\bin\\npm-cli.js',
1 verbose cli   'run',
1 verbose cli   'postinstall' ]
2 info using npm@3.10.10
3 info using node@v6.11.3
4 verbose run-script [ 'postinstall' ]
5 info lifecycle xxx@1.0.0~postinstall: xxx@1.0.0
6 verbose lifecycle xxx@1.0.0~postinstall: unsafe-perm in lifecycle true
7 verbose lifecycle xxx@1.0.0~postinstall: PATH: C:\Program Files\nodejs\node_modules\npm\bin\node-gyp-bin;d:\my-git\javascript-study\node_modules\.bin;C:\tools\ruby24\bin;C:\ProgramData\Oracle\Java\javapath;C:\Python27\;C:\Python27\Scripts;C:\Windows\system32;C:\Windows;C:\Windows\System32\Wbem;C:\Windows\System32\WindowsPowerShell\v1.0\;C:\Program Files (x86)\Sennheiser\SoftphoneSDK\;C:\Program Files\Git\cmd;C:\Program Files\TortoiseGit\bin;C:\ProgramData\chocolatey\bin;C:\Program Files (x86)\GTK2-Runtime\bin;C:\Program Files\Cloud Foundry;C:\Program Files\Java\jdk1.8.0_144\bin;C:\apache-maven-3.5.0\bin;C:\Program Files;;C:\Windows\System32\WindowsPowerShell\v1.0\;C:\Windows\System32\WindowsPowerShell\v1.0\;C:\Program Files\nodejs\;D:\Tools\PuTTY\;C:\Users\212671774\AppData\Local\Programs\Python\Python36\Scripts\;C:\Users\212671774\AppData\Local\Programs\Python\Python36\;C:\Users\212671774\scoop\shims;C:\Users\212671774\AppData\Local\atom\bin;;C:\Program Files\Microsoft VS Code\bin;C:\libjpeg-turbo64\bin;C:\Users\212671774\AppData\Roaming\npm;C:\Program Files\MySQL\MySQL Server 5.7\bin;D:\tools\Docker Toolbox;D:\tools;
8 verbose lifecycle xxx@1.0.0~postinstall: CWD: d:\my-git\javascript-study
9 silly lifecycle xxx@1.0.0~postinstall: Args: [ '/d /s /c', 'node ./node_modules/vscode/bin/install' ]
10 silly lifecycle xxx@1.0.0~postinstall: Returned: code: 1  signal: null
11 info lifecycle xxx@1.0.0~postinstall: Failed to exec postinstall script
12 verbose stack Error: xxx@1.0.0 postinstall: `node ./node_modules/vscode/bin/install`
12 verbose stack Exit status 1
12 verbose stack     at EventEmitter.<anonymous> (C:\Program Files\nodejs\node_modules\npm\lib\utils\lifecycle.js:255:16)
12 verbose stack     at emitTwo (events.js:106:13)
12 verbose stack     at EventEmitter.emit (events.js:191:7)
12 verbose stack     at ChildProcess.<anonymous> (C:\Program Files\nodejs\node_modules\npm\lib\utils\spawn.js:40:14)
12 verbose stack     at emitTwo (events.js:106:13)
12 verbose stack     at ChildProcess.emit (events.js:191:7)
12 verbose stack     at maybeClose (internal/child_process.js:920:16)
12 verbose stack     at Process.ChildProcess._handle.onexit (internal/child_process.js:230:5)
13 verbose pkgid xxx@1.0.0
14 verbose cwd d:\my-git\javascript-study
15 error Windows_NT 6.1.7601
16 error argv "C:\\Program Files\\nodejs\\node.exe" "C:\\Program Files\\nodejs\\node_modules\\npm\\bin\\npm-cli.js" "run" "postinstall"
17 error node v6.11.3
18 error npm  v3.10.10
19 error code ELIFECYCLE
20 error xxx@1.0.0 postinstall: `node ./node_modules/vscode/bin/install`
20 error Exit status 1
21 error Failed at the xxx@1.0.0 postinstall script 'node ./node_modules/vscode/bin/install'.
21 error Make sure you have the latest version of node.js and npm installed.
21 error If you do, this is most likely a problem with the xxx package,
21 error not with npm itself.
21 error Tell the author that this fails on your system:
21 error     node ./node_modules/vscode/bin/install
21 error You can get information on how to open an issue for this project with:
21 error     npm bugs xxx
21 error Or if that isn't available, you can get their info via:
21 error     npm owner ls xxx
21 error There is likely additional logging output above.
22 verbose exit [ 1, true ]
